     Creating library C:\Users\Wes\Documents\CS201\201R-Spring-2020\Wes_McNall\201_Honors\Debug\UnitTest1.lib and object C:\Users\Wes\Documents\CS201\201R-Spring-2020\Wes_McNall\201_Honors\Debug\UnitTest1.exp
UnitTest1.obj : error LNK2019: unresolved external symbol "public: __thiscall Creature::Creature(class std::basic_string<char,struct std::char_traits<char>,class std::allocator<char> >,unsigned int,unsigned int,unsigned int,unsigned int,unsigned int,unsigned int,unsigned int,unsigned int)" (??0Creature@@QAE@V?$basic_string@DU?$char_traits@D@std@@V?$allocator@D@2@@std@@IIIIIIII@Z) referenced in function "public: void __thiscall UnitTest1::UnitTest::TestMethod1(void)" (?TestMethod1@UnitTest@UnitTest1@@QAEXXZ)
C:\Users\Wes\Documents\CS201\201R-Spring-2020\Wes_McNall\201_Honors\Debug\UnitTest1.dll : fatal error LNK1120: 1 unresolved externals
